2022-07-27 18:19:23,658  INFO Microsoft.Hosting.Lifetime.? [?] - MESSAGE: Now listening on: https://localhost:7049
 2022-07-27 18:19:23,707  INFO Microsoft.Hosting.Lifetime.? [?] - MESSAGE: Now listening on: http://localhost:5049
 2022-07-27 18:19:23,716  INFO Microsoft.Hosting.Lifetime.OnApplicationStarted [0] - MESSAGE: Application started. Press Ctrl+C to shut down.
 2022-07-27 18:19:23,721  INFO Microsoft.Hosting.Lifetime.OnApplicationStarted [0] - MESSAGE: Hosting environment: Development
 2022-07-27 18:19:23,724  INFO Microsoft.Hosting.Lifetime.OnApplicationStarted [0] - MESSAGE: Content root path: C:\Users\User\source\repos\WebApi.Net6Mongo\
 2022-07-27 18:22:12,826 FATAL Microsoft.AspNetCore.Hosting.Diagnostics.ApplicationError [0] - MESSAGE: Application startup exception
 System.InvalidOperationException: An error occurred when configuring the exception handler middleware. Either the 'ExceptionHandlingPath' or the 'ExceptionHandler' property must be set in 'UseExceptionHandler()'. Alternatively, set one of the aforementioned properties in 'Startup.ConfigureServices' as follows: 'services.AddExceptionHandler(options => { ... });'.
   at Microsoft.AspNetCore.Diagnostics.ExceptionHandlerMiddleware..ctor(RequestDelegate next, ILoggerFactory loggerFactory, IOptions`1 options, DiagnosticListener diagnosticListener)
   at Microsoft.AspNetCore.Builder.ExceptionHandlerExtensions.<>c__DisplayClass4_0.<SetExceptionHandlerMiddleware>b__0(RequestDelegate next)
   at Microsoft.AspNetCore.Builder.ApplicationBuilder.Build()
   at Microsoft.AspNetCore.Builder.WebApplicationBuilder.<ConfigureApplication>b__27_0(RequestDelegate next)
   at Microsoft.AspNetCore.Builder.ApplicationBuilder.Build()
   at Microsoft.AspNetCore.Hosting.GenericWebHostService.StartAsync(CancellationToken cancellationToken)
2022-07-27 18:25:13,552  INFO Microsoft.Hosting.Lifetime.? [?] - MESSAGE: Now listening on: https://localhost:7049
 2022-07-27 18:25:13,604  INFO Microsoft.Hosting.Lifetime.? [?] - MESSAGE: Now listening on: http://localhost:5049
 2022-07-27 18:25:13,613  INFO Microsoft.Hosting.Lifetime.OnApplicationStarted [0] - MESSAGE: Application started. Press Ctrl+C to shut down.
 2022-07-27 18:25:13,617  INFO Microsoft.Hosting.Lifetime.OnApplicationStarted [0] - MESSAGE: Hosting environment: Development
 2022-07-27 18:25:13,619  INFO Microsoft.Hosting.Lifetime.OnApplicationStarted [0] - MESSAGE: Content root path: C:\Users\User\source\repos\WebApi.Net6Mongo\
 2022-07-27 18:28:30,720  INFO Microsoft.Hosting.Lifetime.? [?] - MESSAGE: Now listening on: https://localhost:7049
 2022-07-27 18:28:30,863  INFO Microsoft.Hosting.Lifetime.? [?] - MESSAGE: Now listening on: http://localhost:5049
 2022-07-27 18:28:30,893  INFO Microsoft.Hosting.Lifetime.OnApplicationStarted [0] - MESSAGE: Application started. Press Ctrl+C to shut down.
 2022-07-27 18:28:30,900  INFO Microsoft.Hosting.Lifetime.OnApplicationStarted [0] - MESSAGE: Hosting environment: Development
 2022-07-27 18:28:30,903  INFO Microsoft.Hosting.Lifetime.OnApplicationStarted [0] - MESSAGE: Content root path: C:\Users\User\source\repos\WebApi.Net6Mongo\
 2022-07-27 18:29:02,936 ERROR Microsoft.AspNetCore.Diagnostics.ExceptionHandlerMiddleware.? [?] - MESSAGE: An unhandled exception has occurred while executing the request.
 System.IndexOutOfRangeException: Index was outside the bounds of the array.
   at MongoDB.Bson.ObjectId..ctor(String value)
   at UserManagerService.UserManagerService.UserService`1.Get(String Id) in C:\Users\User\source\repos\UserManagerService\UserManagerService\UserService.cs:line 39
   at WebApiDemo.Controllers.UsersController.Put(String id, User user) in C:\Users\User\source\repos\WebApi.Net6Mongo\Controllers\UsersController.cs:line 60
   at lambda_method2(Closure , Object , Object[] )
   at Microsoft.AspNetCore.Mvc.Infrastructure.ActionMethodExecutor.SyncActionResultExecutor.Execute(IActionResultTypeMapper mapper, ObjectMethodExecutor executor, Object controller, Object[] arguments)
   at Microsoft.AspNetCore.Mvc.Infrastructure.ControllerActionInvoker.InvokeActionMethodAsync()
   at Microsoft.AspNetCore.Mvc.Infrastructure.ControllerActionInvoker.Next(State& next, Scope& scope, Object& state, Boolean& isCompleted)
   at Microsoft.AspNetCore.Mvc.Infrastructure.ControllerActionInvoker.InvokeNextActionFilterAsync()
--- End of stack trace from previous location ---
   at Microsoft.AspNetCore.Mvc.Infrastructure.ControllerActionInvoker.Rethrow(ActionExecutedContextSealed context)
   at Microsoft.AspNetCore.Mvc.Infrastructure.ControllerActionInvoker.Next(State& next, Scope& scope, Object& state, Boolean& isCompleted)
   at Microsoft.AspNetCore.Mvc.Infrastructure.ControllerActionInvoker.InvokeInnerFilterAsync()
--- End of stack trace from previous location ---
   at Microsoft.AspNetCore.Mvc.Infrastructure.ResourceInvoker.<InvokeFilterPipelineAsync>g__Awaited|20_0(ResourceInvoker invoker, Task lastTask, State next, Scope scope, Object state, Boolean isCompleted)
   at Microsoft.AspNetCore.Mvc.Infrastructure.ResourceInvoker.<InvokeAsync>g__Awaited|17_0(ResourceInvoker invoker, Task task, IDisposable scope)
   at Microsoft.AspNetCore.Mvc.Infrastructure.ResourceInvoker.<InvokeAsync>g__Awaited|17_0(ResourceInvoker invoker, Task task, IDisposable scope)
   at Microsoft.AspNetCore.Routing.EndpointMiddleware.<Invoke>g__AwaitRequestTask|6_0(Endpoint endpoint, Task requestTask, ILogger logger)
   at Microsoft.AspNetCore.Authorization.AuthorizationMiddleware.Invoke(HttpContext context)
   at Microsoft.AspNetCore.Diagnostics.ExceptionHandlerMiddleware.<Invoke>g__Awaited|6_0(ExceptionHandlerMiddleware middleware, HttpContext context, Task task)
